<?xml version="1.0" encoding="UTF-8"?>
<testng-results skipped="0" failed="0" ignored="0" total="1" passed="1">
  <reporter-output>
  </reporter-output>
  <suite name="Default suite" duration-ms="19895" started-at="2020-05-05T14:36:01Z" finished-at="2020-05-05T14:36:21Z">
    <groups>
    </groups>
    <test name="Default test" duration-ms="19895" started-at="2020-05-05T14:36:01Z" finished-at="2020-05-05T14:36:21Z">
      <class name="demoJenkins.Simple">
        <test-method status="PASS" signature="testcase()[pri:0, instance:demoJenkins.Simple@28feb3fa]" name="testcase" duration-ms="19874" started-at="2020-05-05T20:06:01Z" finished-at="2020-05-05T20:06:21Z">
          <reporter-output>
          </reporter-output>
        </test-method> <!-- testcase -->
      </class> <!-- demoJenkins.Simple -->
    </test> <!-- Default test -->
  </suite> <!-- Default suite -->
</testng-results>
