<?xml version="1.0" encoding="UTF-8"?>
<testng-results skipped="0" failed="0" ignored="0" total="1" passed="1">
  <reporter-output>
  </reporter-output>
  <suite name="Default suite" duration-ms="30" started-at="2020-05-05T14:01:28Z" finished-at="2020-05-05T14:01:28Z">
    <groups>
    </groups>
    <test name="Default test" duration-ms="30" started-at="2020-05-05T14:01:28Z" finished-at="2020-05-05T14:01:28Z">
      <class name="demoJenkins.Simple">
        <test-method status="PASS" signature="testcase()[pri:0, instance:demoJenkins.Simple@402f32ff]" name="testcase" duration-ms="10" started-at="2020-05-05T19:31:28Z" finished-at="2020-05-05T19:31:28Z">
          <reporter-output>
          </reporter-output>
        </test-method> <!-- testcase -->
      </class> <!-- demoJenkins.Simple -->
    </test> <!-- Default test -->
  </suite> <!-- Default suite -->
</testng-results>
